2017-11-06 18:18:54 [ERROR] com.iflytek.msp.cpdb.lfasr.client.LfasrClientImp.<init>(LfasrClientImp.java:108) - [COMPENT]-CLIENT [PROCESS]-LfasrClientImp [ID]- [STATUS]- [MEASURE]-(-1) ms [DEF]-{"ok":"-1", "err_no":"26105", "failed":"转写配置文件store_path错误，或目录不可读写!", "data":""}
2017-11-06 18:21:49 [ERROR] com.iflytek.msp.cpdb.lfasr.worker.UploadWorker.upload(UploadWorker.java:93) - [COMPENT]-CLIENT [PROCESS]-UploadWorker [ID]-null [STATUS]- [MEASURE]-(-1) ms [DEF]-prepare error:预处理服务时长不足。您剩余的可用服务时长不足，请移步产品页http://www.xfyun.cn/services/lfasr 进行购买或者免费领取（注：标准版和电话专用版需分开进行购买或者领取）
2017-11-06 18:22:53 [ERROR] com.iflytek.msp.cpdb.lfasr.worker.UploadWorker.upload(UploadWorker.java:93) - [COMPENT]-CLIENT [PROCESS]-UploadWorker [ID]-null [STATUS]- [MEASURE]-(-1) ms [DEF]-prepare error:预处理服务时长不足。您剩余的可用服务时长不足，请移步产品页http://www.xfyun.cn/services/lfasr 进行购买或者免费领取（注：标准版和电话专用版需分开进行购买或者领取）
2017-11-06 18:23:25 [ERROR] com.iflytek.msp.cpdb.lfasr.worker.UploadWorker.upload(UploadWorker.java:93) - [COMPENT]-CLIENT [PROCESS]-UploadWorker [ID]-null [STATUS]- [MEASURE]-(-1) ms [DEF]-prepare error:预处理服务时长不足。您剩余的可用服务时长不足，请移步产品页http://www.xfyun.cn/services/lfasr 进行购买或者免费领取（注：标准版和电话专用版需分开进行购买或者领取）
2017-11-06 18:25:34 [ INFO] com.iflytek.msp.cpdb.lfasr.worker.UploadWorker.upload(UploadWorker.java:100) - [COMPENT]-CLIENT [PROCESS]-UploadWorker [ID]-null [STATUS]- [MEASURE]-(-1) ms [DEF]-prepare ok
2017-11-06 18:25:34 [ INFO] com.iflytek.msp.cpdb.lfasr.worker.UploadWorker.upload(UploadWorker.java:104) - [COMPENT]-CLIENT [PROCESS]-UploadWorker [ID]-65a82b7955eb40928d8b1c4d3076d327 [STATUS]- [MEASURE]-(-1) ms [DEF]-get task_id:%s65a82b7955eb40928d8b1c4d3076d327
2017-11-06 18:25:34 [ INFO] com.iflytek.msp.cpdb.lfasr.worker.UploadWorker.metaPersistency(UploadWorker.java:152) - [COMPENT]-CLIENT [PROCESS]-UploadWorker [ID]-65a82b7955eb40928d8b1c4d3076d327 [STATUS]- [MEASURE]-(-1) ms [DEF]-write meta info success, store file:/Users/bkc/Downloads/xunfeiVoice/65a82b7955eb40928d8b1c4d3076d327.dat
2017-11-06 18:25:34 [ INFO] com.iflytek.msp.cpdb.lfasr.event.EventHandler.isSendAll(EventHandler.java:183) - [COMPENT]-CLIENT [PROCESS]-EventHandler [ID]- [STATUS]- [MEASURE]-(-1) ms [DEF]-upload file 0/27
2017-11-06 18:25:35 [ INFO] com.iflytek.msp.cpdb.lfasr.event.EventHandler.isSendAll(EventHandler.java:183) - [COMPENT]-CLIENT [PROCESS]-EventHandler [ID]- [STATUS]- [MEASURE]-(-1) ms [DEF]-upload file 0/27
2017-11-06 18:25:35 [ INFO] com.iflytek.msp.cpdb.lfasr.event.EventHandler.isSendAll(EventHandler.java:183) - [COMPENT]-CLIENT [PROCESS]-EventHandler [ID]- [STATUS]- [MEASURE]-(-1) ms [DEF]-upload file 0/27
2017-11-06 18:25:36 [ INFO] com.iflytek.msp.cpdb.lfasr.event.EventHandler.isSendAll(EventHandler.java:183) - [COMPENT]-CLIENT [PROCESS]-EventHandler [ID]- [STATUS]- [MEASURE]-(-1) ms [DEF]-upload file 0/27
2017-11-06 18:25:36 [ INFO] com.iflytek.msp.cpdb.lfasr.event.EventHandler.isSendAll(EventHandler.java:183) - [COMPENT]-CLIENT [PROCESS]-EventHandler [ID]- [STATUS]- [MEASURE]-(-1) ms [DEF]-upload file 0/27
2017-11-06 18:25:37 [ INFO] com.iflytek.msp.cpdb.lfasr.event.EventHandler.isSendAll(EventHandler.java:183) - [COMPENT]-CLIENT [PROCESS]-EventHandler [ID]- [STATUS]- [MEASURE]-(-1) ms [DEF]-upload file 0/27
2017-11-06 18:25:37 [ INFO] com.iflytek.msp.cpdb.lfasr.event.EventHandler.isSendAll(EventHandler.java:183) - [COMPENT]-CLIENT [PROCESS]-EventHandler [ID]- [STATUS]- [MEASURE]-(-1) ms [DEF]-upload file 0/27
2017-11-06 18:25:38 [ INFO] com.iflytek.msp.cpdb.lfasr.event.EventHandler.isSendAll(EventHandler.java:183) - [COMPENT]-CLIENT [PROCESS]-EventHandler [ID]- [STATUS]- [MEASURE]-(-1) ms [DEF]-upload file 0/27
2017-11-06 18:25:38 [ INFO] com.iflytek.msp.cpdb.lfasr.event.EventHandler.isSendAll(EventHandler.java:183) - [COMPENT]-CLIENT [PROCESS]-EventHandler [ID]- [STATUS]- [MEASURE]-(-1) ms [DEF]-upload file 0/27
2017-11-06 18:25:39 [ INFO] com.iflytek.msp.cpdb.lfasr.event.EventHandler.isSendAll(EventHandler.java:183) - [COMPENT]-CLIENT [PROCESS]-EventHandler [ID]- [STATUS]- [MEASURE]-(-1) ms [DEF]-upload file 0/27
2017-11-06 18:25:39 [ INFO] com.iflytek.msp.cpdb.lfasr.event.EventHandler.isSendAll(EventHandler.java:183) - [COMPENT]-CLIENT [PROCESS]-EventHandler [ID]- [STATUS]- [MEASURE]-(-1) ms [DEF]-upload file 0/27
2017-11-06 18:25:40 [ INFO] com.iflytek.msp.cpdb.lfasr.event.EventHandler.isSendAll(EventHandler.java:183) - [COMPENT]-CLIENT [PROCESS]-EventHandler [ID]- [STATUS]- [MEASURE]-(-1) ms [DEF]-upload file 2/27
2017-11-06 18:25:40 [ INFO] com.iflytek.msp.cpdb.lfasr.event.EventHandler.isSendAll(EventHandler.java:183) - [COMPENT]-CLIENT [PROCESS]-EventHandler [ID]- [STATUS]- [MEASURE]-(-1) ms [DEF]-upload file 2/27
2017-11-06 18:25:41 [ INFO] com.iflytek.msp.cpdb.lfasr.event.EventHandler.isSendAll(EventHandler.java:183) - [COMPENT]-CLIENT [PROCESS]-EventHandler [ID]- [STATUS]- [MEASURE]-(-1) ms [DEF]-upload file 4/27
2017-11-06 18:25:41 [ INFO] com.iflytek.msp.cpdb.lfasr.event.EventHandler.isSendAll(EventHandler.java:183) - [COMPENT]-CLIENT [PROCESS]-EventHandler [ID]- [STATUS]- [MEASURE]-(-1) ms [DEF]-upload file 4/27
2017-11-06 18:25:42 [ INFO] com.iflytek.msp.cpdb.lfasr.event.EventHandler.isSendAll(EventHandler.java:183) - [COMPENT]-CLIENT [PROCESS]-EventHandler [ID]- [STATUS]- [MEASURE]-(-1) ms [DEF]-upload file 4/27
2017-11-06 18:25:42 [ INFO] com.iflytek.msp.cpdb.lfasr.event.EventHandler.isSendAll(EventHandler.java:183) - [COMPENT]-CLIENT [PROCESS]-EventHandler [ID]- [STATUS]- [MEASURE]-(-1) ms [DEF]-upload file 4/27
2017-11-06 18:25:43 [ INFO] com.iflytek.msp.cpdb.lfasr.event.EventHandler.isSendAll(EventHandler.java:183) - [COMPENT]-CLIENT [PROCESS]-EventHandler [ID]- [STATUS]- [MEASURE]-(-1) ms [DEF]-upload file 5/27
2017-11-06 18:25:43 [ INFO] com.iflytek.msp.cpdb.lfasr.event.EventHandler.isSendAll(EventHandler.java:183) - [COMPENT]-CLIENT [PROCESS]-EventHandler [ID]- [STATUS]- [MEASURE]-(-1) ms [DEF]-upload file 5/27
2017-11-06 18:25:44 [ INFO] com.iflytek.msp.cpdb.lfasr.event.EventHandler.isSendAll(EventHandler.java:183) - [COMPENT]-CLIENT [PROCESS]-EventHandler [ID]- [STATUS]- [MEASURE]-(-1) ms [DEF]-upload file 5/27
2017-11-06 18:25:44 [ INFO] com.iflytek.msp.cpdb.lfasr.event.EventHandler.isSendAll(EventHandler.java:183) - [COMPENT]-CLIENT [PROCESS]-EventHandler [ID]- [STATUS]- [MEASURE]-(-1) ms [DEF]-upload file 5/27
2017-11-06 18:25:45 [ INFO] com.iflytek.msp.cpdb.lfasr.event.EventHandler.isSendAll(EventHandler.java:183) - [COMPENT]-CLIENT [PROCESS]-EventHandler [ID]- [STATUS]- [MEASURE]-(-1) ms [DEF]-upload file 7/27
2017-11-06 18:25:45 [ INFO] com.iflytek.msp.cpdb.lfasr.event.EventHandler.isSendAll(EventHandler.java:183) - [COMPENT]-CLIENT [PROCESS]-EventHandler [ID]- [STATUS]- [MEASURE]-(-1) ms [DEF]-upload file 7/27
2017-11-06 18:25:46 [ INFO] com.iflytek.msp.cpdb.lfasr.event.EventHandler.isSendAll(EventHandler.java:183) - [COMPENT]-CLIENT [PROCESS]-EventHandler [ID]- [STATUS]- [MEASURE]-(-1) ms [DEF]-upload file 10/27
2017-11-06 18:25:46 [ INFO] com.iflytek.msp.cpdb.lfasr.event.EventHandler.isSendAll(EventHandler.java:183) - [COMPENT]-CLIENT [PROCESS]-EventHandler [ID]- [STATUS]- [MEASURE]-(-1) ms [DEF]-upload file 12/27
2017-11-06 18:25:47 [ INFO] com.iflytek.msp.cpdb.lfasr.event.EventHandler.isSendAll(EventHandler.java:183) - [COMPENT]-CLIENT [PROCESS]-EventHandler [ID]- [STATUS]- [MEASURE]-(-1) ms [DEF]-upload file 12/27
2017-11-06 18:25:47 [ INFO] com.iflytek.msp.cpdb.lfasr.event.EventHandler.isSendAll(EventHandler.java:183) - [COMPENT]-CLIENT [PROCESS]-EventHandler [ID]- [STATUS]- [MEASURE]-(-1) ms [DEF]-upload file 12/27
2017-11-06 18:25:48 [ INFO] com.iflytek.msp.cpdb.lfasr.event.EventHandler.isSendAll(EventHandler.java:183) - [COMPENT]-CLIENT [PROCESS]-EventHandler [ID]- [STATUS]- [MEASURE]-(-1) ms [DEF]-upload file 12/27
2017-11-06 18:25:48 [ INFO] com.iflytek.msp.cpdb.lfasr.event.EventHandler.isSendAll(EventHandler.java:183) - [COMPENT]-CLIENT [PROCESS]-EventHandler [ID]- [STATUS]- [MEASURE]-(-1) ms [DEF]-upload file 12/27
2017-11-06 18:25:49 [ INFO] com.iflytek.msp.cpdb.lfasr.event.EventHandler.isSendAll(EventHandler.java:183) - [COMPENT]-CLIENT [PROCESS]-EventHandler [ID]- [STATUS]- [MEASURE]-(-1) ms [DEF]-upload file 12/27
2017-11-06 18:25:49 [ INFO] com.iflytek.msp.cpdb.lfasr.event.EventHandler.isSendAll(EventHandler.java:183) - [COMPENT]-CLIENT [PROCESS]-EventHandler [ID]- [STATUS]- [MEASURE]-(-1) ms [DEF]-upload file 12/27
2017-11-06 18:25:50 [ INFO] com.iflytek.msp.cpdb.lfasr.event.EventHandler.isSendAll(EventHandler.java:183) - [COMPENT]-CLIENT [PROCESS]-EventHandler [ID]- [STATUS]- [MEASURE]-(-1) ms [DEF]-upload file 12/27
2017-11-06 18:25:50 [ INFO] com.iflytek.msp.cpdb.lfasr.event.EventHandler.isSendAll(EventHandler.java:183) - [COMPENT]-CLIENT [PROCESS]-EventHandler [ID]- [STATUS]- [MEASURE]-(-1) ms [DEF]-upload file 12/27
2017-11-06 18:25:51 [ INFO] com.iflytek.msp.cpdb.lfasr.event.EventHandler.isSendAll(EventHandler.java:183) - [COMPENT]-CLIENT [PROCESS]-EventHandler [ID]- [STATUS]- [MEASURE]-(-1) ms [DEF]-upload file 12/27
2017-11-06 18:25:51 [ INFO] com.iflytek.msp.cpdb.lfasr.event.EventHandler.isSendAll(EventHandler.java:183) - [COMPENT]-CLIENT [PROCESS]-EventHandler [ID]- [STATUS]- [MEASURE]-(-1) ms [DEF]-upload file 13/27
2017-11-06 18:25:52 [ INFO] com.iflytek.msp.cpdb.lfasr.event.EventHandler.isSendAll(EventHandler.java:183) - [COMPENT]-CLIENT [PROCESS]-EventHandler [ID]- [STATUS]- [MEASURE]-(-1) ms [DEF]-upload file 17/27
2017-11-06 18:25:52 [ INFO] com.iflytek.msp.cpdb.lfasr.event.EventHandler.isSendAll(EventHandler.java:183) - [COMPENT]-CLIENT [PROCESS]-EventHandler [ID]- [STATUS]- [MEASURE]-(-1) ms [DEF]-upload file 17/27
2017-11-06 18:25:53 [ INFO] com.iflytek.msp.cpdb.lfasr.event.EventHandler.isSendAll(EventHandler.java:183) - [COMPENT]-CLIENT [PROCESS]-EventHandler [ID]- [STATUS]- [MEASURE]-(-1) ms [DEF]-upload file 18/27
2017-11-06 18:25:53 [ INFO] com.iflytek.msp.cpdb.lfasr.event.EventHandler.isSendAll(EventHandler.java:183) - [COMPENT]-CLIENT [PROCESS]-EventHandler [ID]- [STATUS]- [MEASURE]-(-1) ms [DEF]-upload file 18/27
2017-11-06 18:25:54 [ INFO] com.iflytek.msp.cpdb.lfasr.event.EventHandler.isSendAll(EventHandler.java:183) - [COMPENT]-CLIENT [PROCESS]-EventHandler [ID]- [STATUS]- [MEASURE]-(-1) ms [DEF]-upload file 18/27
2017-11-06 18:25:54 [ INFO] com.iflytek.msp.cpdb.lfasr.event.EventHandler.isSendAll(EventHandler.java:183) - [COMPENT]-CLIENT [PROCESS]-EventHandler [ID]- [STATUS]- [MEASURE]-(-1) ms [DEF]-upload file 18/27
2017-11-06 18:25:55 [ INFO] com.iflytek.msp.cpdb.lfasr.event.EventHandler.isSendAll(EventHandler.java:183) - [COMPENT]-CLIENT [PROCESS]-EventHandler [ID]- [STATUS]- [MEASURE]-(-1) ms [DEF]-upload file 18/27
2017-11-06 18:25:55 [ INFO] com.iflytek.msp.cpdb.lfasr.event.EventHandler.isSendAll(EventHandler.java:183) - [COMPENT]-CLIENT [PROCESS]-EventHandler [ID]- [STATUS]- [MEASURE]-(-1) ms [DEF]-upload file 18/27
2017-11-06 18:25:56 [ INFO] com.iflytek.msp.cpdb.lfasr.event.EventHandler.isSendAll(EventHandler.java:183) - [COMPENT]-CLIENT [PROCESS]-EventHandler [ID]- [STATUS]- [MEASURE]-(-1) ms [DEF]-upload file 18/27
2017-11-06 18:25:56 [ INFO] com.iflytek.msp.cpdb.lfasr.event.EventHandler.isSendAll(EventHandler.java:183) - [COMPENT]-CLIENT [PROCESS]-EventHandler [ID]- [STATUS]- [MEASURE]-(-1) ms [DEF]-upload file 20/27
2017-11-06 18:25:57 [ INFO] com.iflytek.msp.cpdb.lfasr.event.EventHandler.isSendAll(EventHandler.java:183) - [COMPENT]-CLIENT [PROCESS]-EventHandler [ID]- [STATUS]- [MEASURE]-(-1) ms [DEF]-upload file 24/27
2017-11-06 18:25:57 [ INFO] com.iflytek.msp.cpdb.lfasr.event.EventHandler.isSendAll(EventHandler.java:183) - [COMPENT]-CLIENT [PROCESS]-EventHandler [ID]- [STATUS]- [MEASURE]-(-1) ms [DEF]-upload file 25/27
2017-11-06 18:25:58 [ INFO] com.iflytek.msp.cpdb.lfasr.event.EventHandler.isSendAll(EventHandler.java:183) - [COMPENT]-CLIENT [PROCESS]-EventHandler [ID]- [STATUS]- [MEASURE]-(-1) ms [DEF]-upload file 26/27
2017-11-06 18:25:58 [ INFO] com.iflytek.msp.cpdb.lfasr.event.EventHandler.isSendAll(EventHandler.java:183) - [COMPENT]-CLIENT [PROCESS]-EventHandler [ID]- [STATUS]- [MEASURE]-(-1) ms [DEF]-upload file 27/27
2017-11-06 18:25:58 [ INFO] com.iflytek.msp.cpdb.lfasr.worker.UploadThread.run(UploadThread.java:43) - [COMPENT]-CLIENT [PROCESS]-UploadThread [ID]-65a82b7955eb40928d8b1c4d3076d327 [STATUS]- [MEASURE]-(-1) ms [DEF]-upload file send success, file:/Users/bkc/Downloads/testVoice.mp3, task_id:65a82b7955eb40928d8b1c4d3076d327
2017-11-06 18:25:59 [ INFO] com.iflytek.msp.cpdb.lfasr.event.EventHandler$ProcessorThread.run(EventHandler.java:137) - [COMPENT]-CLIENT [PROCESS]-EventHandler [ID]-65a82b7955eb40928d8b1c4d3076d327 [STATUS]- [MEASURE]-(-1) ms [DEF]-send meger success
2017-11-06 21:18:10 [ERROR] com.iflytek.msp.cpdb.lfasr.client.LfasrClientImp.lfasrGetProgress(LfasrClientImp.java:231) - [COMPENT]-CLIENT [PROCESS]-LfasrClientImp [ID]- [STATUS]- [MEASURE]-(-1) ms [DEF]-{"ok":"-1", "err_no":"26505", "failed":"转写获取进度接口错误!", "data":""}
2017-11-06 21:18:10 [ERROR] com.iflytek.msp.cpdb.lfasr.client.LfasrClientImp.lfasrGetProgress(LfasrClientImp.java:236) - [COMPENT]-CLIENT [PROCESS]-LfasrClientImp [ID]- [STATUS]- [MEASURE]-(-1) ms [DEF]-{"ok":"-1", "err_no":"26203", "failed":"转写参数客户端生成签名错误!", "data":""}
2018-01-16 18:28:19 [ INFO] org.springframework.web.servlet.handler.AbstractHandlerMethodMapping$MappingRegistry.register(AbstractHandlerMethodMapping.java:537) - Mapped "{[/test/hello]}" onto public java.lang.String com.bkc.controller.Hello.returnString(java.lang.String,java.lang.String,org.springframework.ui.Model)
2018-01-16 18:28:19 [ INFO] org.springframework.web.servlet.handler.AbstractHandlerMethodMapping$MappingRegistry.register(AbstractHandlerMethodMapping.java:537) - Mapped "{[/test/global]}" onto public java.lang.String com.bkc.controller.Hello.globalTest(org.springframework.ui.Model)
2018-01-16 18:28:19 [ INFO] org.springframework.web.servlet.mvc.method.annotation.RequestMappingHandlerAdapter.initControllerAdviceCache(RequestMappingHandlerAdapter.java:534) - Looking for @ControllerAdvice: org.springframework.test.web.servlet.setup.StubWebApplicationContext@7ac7a4e4
2018-01-16 18:28:20 [ INFO] org.springframework.mock.web.MockServletContext.log(MockServletContext.java:440) - Initializing Spring FrameworkServlet ''
2018-01-16 18:28:20 [ INFO] org.springframework.web.servlet.FrameworkServlet.initServletBean(FrameworkServlet.java:489) - FrameworkServlet '': initialization started
2018-01-16 18:28:20 [ INFO] org.springframework.web.servlet.FrameworkServlet.initServletBean(FrameworkServlet.java:508) - FrameworkServlet '': initialization completed in 3 ms
2018-01-16 18:38:34 [ INFO] org.springframework.web.servlet.handler.AbstractHandlerMethodMapping$MappingRegistry.register(AbstractHandlerMethodMapping.java:537) - Mapped "{[/test/hello]}" onto public java.lang.String com.bkc.controller.Hello.returnString(java.lang.String,java.lang.String,org.springframework.ui.Model)
2018-01-16 18:38:34 [ INFO] org.springframework.web.servlet.handler.AbstractHandlerMethodMapping$MappingRegistry.register(AbstractHandlerMethodMapping.java:537) - Mapped "{[/test/global]}" onto public java.lang.String com.bkc.controller.Hello.globalTest(org.springframework.ui.Model)
2018-01-16 18:38:34 [ INFO] org.springframework.web.servlet.mvc.method.annotation.RequestMappingHandlerAdapter.initControllerAdviceCache(RequestMappingHandlerAdapter.java:534) - Looking for @ControllerAdvice: org.springframework.test.web.servlet.setup.StubWebApplicationContext@12d3a4e9
2018-01-16 18:38:34 [ INFO] org.springframework.mock.web.MockServletContext.log(MockServletContext.java:440) - Initializing Spring FrameworkServlet ''
2018-01-16 18:38:34 [ INFO] org.springframework.web.servlet.FrameworkServlet.initServletBean(FrameworkServlet.java:489) - FrameworkServlet '': initialization started
2018-01-16 18:38:34 [ INFO] org.springframework.web.servlet.FrameworkServlet.initServletBean(FrameworkServlet.java:508) - FrameworkServlet '': initialization completed in 4 ms
2018-01-16 18:45:31 [ INFO] org.springframework.test.context.support.AbstractTestContextBootstrapper.getDefaultTestExecutionListenerClassNames(AbstractTestContextBootstrapper.java:260) - Loaded default TestExecutionListener class names from location [META-INF/spring.factories]: [org.springframework.test.context.web.ServletTestExecutionListener, org.springframework.test.context.support.DirtiesContextBeforeModesTestExecutionListener, org.springframework.test.context.support.DependencyInjectionTestExecutionListener, org.springframework.test.context.support.DirtiesContextTestExecutionListener, org.springframework.test.context.transaction.TransactionalTestExecutionListener, org.springframework.test.context.jdbc.SqlScriptsTestExecutionListener]
2018-01-16 18:45:31 [ INFO] org.springframework.test.context.support.AbstractTestContextBootstrapper.instantiateListeners(AbstractTestContextBootstrapper.java:209) - Could not instantiate TestExecutionListener [org.springframework.test.context.jdbc.SqlScriptsTestExecutionListener]. Specify custom listener classes or make the default listener classes (and their required dependencies) available. Offending class: [org/springframework/transaction/interceptor/TransactionAttribute]
2018-01-16 18:45:31 [ INFO] org.springframework.test.context.support.AbstractTestContextBootstrapper.instantiateListeners(AbstractTestContextBootstrapper.java:209) - Could not instantiate TestExecutionListener [org.springframework.test.context.transaction.TransactionalTestExecutionListener]. Specify custom listener classes or make the default listener classes (and their required dependencies) available. Offending class: [org/springframework/transaction/interceptor/TransactionAttributeSource]
2018-01-16 18:45:31 [ INFO] org.springframework.test.context.support.AbstractTestContextBootstrapper.getTestExecutionListeners(AbstractTestContextBootstrapper.java:187) - Using TestExecutionListeners: [org.springframework.test.context.web.ServletTestExecutionListener@2928854b, org.springframework.test.context.support.DirtiesContextBeforeModesTestExecutionListener@27ae2fd0, org.springframework.test.context.support.DependencyInjectionTestExecutionListener@29176cc1, org.springframework.test.context.support.DirtiesContextTestExecutionListener@2f177a4b]
2018-01-16 18:45:31 [ INFO] org.springframework.beans.factory.xml.XmlBeanDefinitionReader.loadBeanDefinitions(XmlBeanDefinitionReader.java:317) - Loading XML bean definitions from URL [file:src/main/resources/applicationContext.xml]
2018-01-16 18:45:32 [ INFO] org.springframework.context.support.AbstractApplicationContext.prepareRefresh(AbstractApplicationContext.java:581) - Refreshing org.springframework.web.context.support.GenericWebApplicationContext@50a638b5: startup date [Tue Jan 16 18:45:32 CST 2018]; root of context hierarchy
2018-01-16 18:45:32 [ INFO] org.springframework.web.servlet.handler.AbstractUrlHandlerMapping.registerHandler(AbstractUrlHandlerMapping.java:354) - Mapped URL path [/testQry] onto handler '/testQry'
2018-01-16 18:45:35 [ INFO] org.springframework.mock.web.MockServletContext.log(MockServletContext.java:440) - Initializing Spring FrameworkServlet ''
2018-01-16 18:45:35 [ INFO] org.springframework.web.servlet.FrameworkServlet.initServletBean(FrameworkServlet.java:489) - FrameworkServlet '': initialization started
2018-01-16 18:45:35 [ INFO] org.springframework.web.servlet.FrameworkServlet.initServletBean(FrameworkServlet.java:508) - FrameworkServlet '': initialization completed in 257 ms
2018-01-16 18:45:43 [ WARN] org.springframework.web.servlet.DispatcherServlet.noHandlerFound(DispatcherServlet.java:1147) - No mapping found for HTTP request with URI [/test/hello] in DispatcherServlet with name ''
2018-01-16 18:45:43 [ INFO] org.springframework.context.support.AbstractApplicationContext.doClose(AbstractApplicationContext.java:982) - Closing org.springframework.web.context.support.GenericWebApplicationContext@50a638b5: startup date [Tue Jan 16 18:45:32 CST 2018]; root of context hierarchy
2018-01-17 11:31:34 [ INFO] org.springframework.test.context.support.AbstractTestContextBootstrapper.getDefaultTestExecutionListenerClassNames(AbstractTestContextBootstrapper.java:260) - Loaded default TestExecutionListener class names from location [META-INF/spring.factories]: [org.springframework.test.context.web.ServletTestExecutionListener, org.springframework.test.context.support.DirtiesContextBeforeModesTestExecutionListener, org.springframework.test.context.support.DependencyInjectionTestExecutionListener, org.springframework.test.context.support.DirtiesContextTestExecutionListener, org.springframework.test.context.transaction.TransactionalTestExecutionListener, org.springframework.test.context.jdbc.SqlScriptsTestExecutionListener]
2018-01-17 11:31:34 [ INFO] org.springframework.test.context.support.AbstractTestContextBootstrapper.instantiateListeners(AbstractTestContextBootstrapper.java:209) - Could not instantiate TestExecutionListener [org.springframework.test.context.jdbc.SqlScriptsTestExecutionListener]. Specify custom listener classes or make the default listener classes (and their required dependencies) available. Offending class: [org/springframework/transaction/interceptor/TransactionAttribute]
2018-01-17 11:31:34 [ INFO] org.springframework.test.context.support.AbstractTestContextBootstrapper.instantiateListeners(AbstractTestContextBootstrapper.java:209) - Could not instantiate TestExecutionListener [org.springframework.test.context.transaction.TransactionalTestExecutionListener]. Specify custom listener classes or make the default listener classes (and their required dependencies) available. Offending class: [org/springframework/transaction/interceptor/TransactionAttributeSource]
2018-01-17 11:31:34 [ INFO] org.springframework.test.context.support.AbstractTestContextBootstrapper.getTestExecutionListeners(AbstractTestContextBootstrapper.java:187) - Using TestExecutionListeners: [org.springframework.test.context.web.ServletTestExecutionListener@5f341870, org.springframework.test.context.support.DirtiesContextBeforeModesTestExecutionListener@553f17c, org.springframework.test.context.support.DependencyInjectionTestExecutionListener@4f7d0008, org.springframework.test.context.support.DirtiesContextTestExecutionListener@271053e1]
2018-01-17 11:31:34 [ INFO] org.springframework.beans.factory.xml.XmlBeanDefinitionReader.loadBeanDefinitions(XmlBeanDefinitionReader.java:317) - Loading XML bean definitions from URL [file:src/main/resources/applicationContext.xml]
2018-01-17 11:31:34 [ INFO] org.springframework.context.support.AbstractApplicationContext.prepareRefresh(AbstractApplicationContext.java:581) - Refreshing org.springframework.web.context.support.GenericWebApplicationContext@7fac631b: startup date [Wed Jan 17 11:31:34 CST 2018]; root of context hierarchy
2018-01-17 11:31:34 [ INFO] org.springframework.web.servlet.handler.AbstractUrlHandlerMapping.registerHandler(AbstractUrlHandlerMapping.java:354) - Mapped URL path [/testQry] onto handler '/testQry'
2018-01-17 11:31:35 [ INFO] org.springframework.mock.web.MockServletContext.log(MockServletContext.java:440) - Initializing Spring FrameworkServlet ''
2018-01-17 11:31:35 [ INFO] org.springframework.web.servlet.FrameworkServlet.initServletBean(FrameworkServlet.java:489) - FrameworkServlet '': initialization started
2018-01-17 11:31:35 [ INFO] org.springframework.web.servlet.FrameworkServlet.initServletBean(FrameworkServlet.java:508) - FrameworkServlet '': initialization completed in 260 ms
2018-01-17 11:31:35 [ WARN] org.springframework.web.servlet.DispatcherServlet.noHandlerFound(DispatcherServlet.java:1147) - No mapping found for HTTP request with URI [/test/hello] in DispatcherServlet with name ''
2018-01-17 11:31:35 [ INFO] org.springframework.context.support.AbstractApplicationContext.doClose(AbstractApplicationContext.java:982) - Closing org.springframework.web.context.support.GenericWebApplicationContext@7fac631b: startup date [Wed Jan 17 11:31:34 CST 2018]; root of context hierarchy
2018-01-17 11:32:12 [ INFO] org.springframework.web.servlet.handler.AbstractHandlerMethodMapping$MappingRegistry.register(AbstractHandlerMethodMapping.java:537) - Mapped "{[/test/hello]}" onto public java.lang.String com.bkc.controller.Hello.returnString(java.lang.String,java.lang.String,org.springframework.ui.Model)
2018-01-17 11:32:12 [ INFO] org.springframework.web.servlet.handler.AbstractHandlerMethodMapping$MappingRegistry.register(AbstractHandlerMethodMapping.java:537) - Mapped "{[/test/global]}" onto public java.lang.String com.bkc.controller.Hello.globalTest(org.springframework.ui.Model)
2018-01-17 11:32:13 [ INFO] org.springframework.web.servlet.mvc.method.annotation.RequestMappingHandlerAdapter.initControllerAdviceCache(RequestMappingHandlerAdapter.java:534) - Looking for @ControllerAdvice: org.springframework.test.web.servlet.setup.StubWebApplicationContext@475530b9
2018-01-17 11:32:13 [ INFO] org.springframework.mock.web.MockServletContext.log(MockServletContext.java:440) - Initializing Spring FrameworkServlet ''
2018-01-17 11:32:13 [ INFO] org.springframework.web.servlet.FrameworkServlet.initServletBean(FrameworkServlet.java:489) - FrameworkServlet '': initialization started
2018-01-17 11:32:13 [ INFO] org.springframework.web.servlet.FrameworkServlet.initServletBean(FrameworkServlet.java:508) - FrameworkServlet '': initialization completed in 3 ms
2018-01-17 15:41:28 [ INFO] org.springframework.test.context.support.AbstractTestContextBootstrapper.getDefaultTestExecutionListenerClassNames(AbstractTestContextBootstrapper.java:260) - Loaded default TestExecutionListener class names from location [META-INF/spring.factories]: [org.springframework.test.context.web.ServletTestExecutionListener, org.springframework.test.context.support.DirtiesContextBeforeModesTestExecutionListener, org.springframework.test.context.support.DependencyInjectionTestExecutionListener, org.springframework.test.context.support.DirtiesContextTestExecutionListener, org.springframework.test.context.transaction.TransactionalTestExecutionListener, org.springframework.test.context.jdbc.SqlScriptsTestExecutionListener]
2018-01-17 15:41:28 [ INFO] org.springframework.test.context.support.AbstractTestContextBootstrapper.instantiateListeners(AbstractTestContextBootstrapper.java:209) - Could not instantiate TestExecutionListener [org.springframework.test.context.jdbc.SqlScriptsTestExecutionListener]. Specify custom listener classes or make the default listener classes (and their required dependencies) available. Offending class: [org/springframework/transaction/interceptor/TransactionAttribute]
2018-01-17 15:41:28 [ INFO] org.springframework.test.context.support.AbstractTestContextBootstrapper.instantiateListeners(AbstractTestContextBootstrapper.java:209) - Could not instantiate TestExecutionListener [org.springframework.test.context.transaction.TransactionalTestExecutionListener]. Specify custom listener classes or make the default listener classes (and their required dependencies) available. Offending class: [org/springframework/transaction/interceptor/TransactionAttributeSource]
2018-01-17 15:41:28 [ INFO] org.springframework.test.context.support.AbstractTestContextBootstrapper.getTestExecutionListeners(AbstractTestContextBootstrapper.java:187) - Using TestExecutionListeners: [org.springframework.test.context.web.ServletTestExecutionListener@43301423, org.springframework.test.context.support.DirtiesContextBeforeModesTestExecutionListener@2f112965, org.springframework.test.context.support.DependencyInjectionTestExecutionListener@1a04f701, org.springframework.test.context.support.DirtiesContextTestExecutionListener@4e91d63f]
2018-01-17 15:41:28 [ INFO] org.springframework.beans.factory.xml.XmlBeanDefinitionReader.loadBeanDefinitions(XmlBeanDefinitionReader.java:317) - Loading XML bean definitions from URL [file:src/main/resources/applicationContext.xml]
2018-01-17 15:41:28 [ INFO] org.springframework.context.support.AbstractApplicationContext.prepareRefresh(AbstractApplicationContext.java:581) - Refreshing org.springframework.web.context.support.GenericWebApplicationContext@3427b02d: startup date [Wed Jan 17 15:41:28 CST 2018]; root of context hierarchy
2018-01-17 15:41:29 [ INFO] org.springframework.web.servlet.handler.AbstractUrlHandlerMapping.registerHandler(AbstractUrlHandlerMapping.java:354) - Mapped URL path [/testQry] onto handler '/testQry'
2018-01-17 15:41:34 [ INFO] org.springframework.mock.web.MockServletContext.log(MockServletContext.java:440) - Initializing Spring FrameworkServlet ''
2018-01-17 15:41:34 [ INFO] org.springframework.web.servlet.FrameworkServlet.initServletBean(FrameworkServlet.java:489) - FrameworkServlet '': initialization started
2018-01-17 15:41:35 [ INFO] org.springframework.web.servlet.FrameworkServlet.initServletBean(FrameworkServlet.java:508) - FrameworkServlet '': initialization completed in 226 ms
2018-01-17 15:41:37 [ WARN] org.springframework.web.servlet.DispatcherServlet.noHandlerFound(DispatcherServlet.java:1147) - No mapping found for HTTP request with URI [/test/hello] in DispatcherServlet with name ''
2018-01-17 15:41:37 [ INFO] org.springframework.context.support.AbstractApplicationContext.doClose(AbstractApplicationContext.java:982) - Closing org.springframework.web.context.support.GenericWebApplicationContext@3427b02d: startup date [Wed Jan 17 15:41:28 CST 2018]; root of context hierarchy
2018-01-19 15:28:56 [ INFO] org.springframework.test.context.support.AbstractTestContextBootstrapper.getDefaultTestExecutionListenerClassNames(AbstractTestContextBootstrapper.java:260) - Loaded default TestExecutionListener class names from location [META-INF/spring.factories]: [org.springframework.test.context.web.ServletTestExecutionListener, org.springframework.test.context.support.DirtiesContextBeforeModesTestExecutionListener, org.springframework.test.context.support.DependencyInjectionTestExecutionListener, org.springframework.test.context.support.DirtiesContextTestExecutionListener, org.springframework.test.context.transaction.TransactionalTestExecutionListener, org.springframework.test.context.jdbc.SqlScriptsTestExecutionListener]
2018-01-19 15:28:56 [ INFO] org.springframework.test.context.support.AbstractTestContextBootstrapper.instantiateListeners(AbstractTestContextBootstrapper.java:209) - Could not instantiate TestExecutionListener [org.springframework.test.context.jdbc.SqlScriptsTestExecutionListener]. Specify custom listener classes or make the default listener classes (and their required dependencies) available. Offending class: [org/springframework/transaction/interceptor/TransactionAttribute]
2018-01-19 15:28:56 [ INFO] org.springframework.test.context.support.AbstractTestContextBootstrapper.instantiateListeners(AbstractTestContextBootstrapper.java:209) - Could not instantiate TestExecutionListener [org.springframework.test.context.transaction.TransactionalTestExecutionListener]. Specify custom listener classes or make the default listener classes (and their required dependencies) available. Offending class: [org/springframework/transaction/interceptor/TransactionAttributeSource]
2018-01-19 15:28:56 [ INFO] org.springframework.test.context.support.AbstractTestContextBootstrapper.getTestExecutionListeners(AbstractTestContextBootstrapper.java:187) - Using TestExecutionListeners: [org.springframework.test.context.web.ServletTestExecutionListener@2928854b, org.springframework.test.context.support.DirtiesContextBeforeModesTestExecutionListener@27ae2fd0, org.springframework.test.context.support.DependencyInjectionTestExecutionListener@29176cc1, org.springframework.test.context.support.DirtiesContextTestExecutionListener@2f177a4b]
2018-01-19 15:28:56 [ INFO] org.springframework.beans.factory.xml.XmlBeanDefinitionReader.loadBeanDefinitions(XmlBeanDefinitionReader.java:317) - Loading XML bean definitions from URL [file:src/main/resources/applicationContext.xml]
2018-01-19 15:28:57 [ INFO] org.springframework.context.support.AbstractApplicationContext.prepareRefresh(AbstractApplicationContext.java:581) - Refreshing org.springframework.web.context.support.GenericWebApplicationContext@50a638b5: startup date [Fri Jan 19 15:28:57 CST 2018]; root of context hierarchy
2018-01-19 15:28:57 [ INFO] org.springframework.web.servlet.handler.AbstractUrlHandlerMapping.registerHandler(AbstractUrlHandlerMapping.java:354) - Mapped URL path [/testQry] onto handler '/testQry'
2018-01-19 15:28:57 [ INFO] org.springframework.mock.web.MockServletContext.log(MockServletContext.java:440) - Initializing Spring FrameworkServlet ''
2018-01-19 15:28:57 [ INFO] org.springframework.web.servlet.FrameworkServlet.initServletBean(FrameworkServlet.java:489) - FrameworkServlet '': initialization started
2018-01-19 15:28:58 [ INFO] org.springframework.web.servlet.FrameworkServlet.initServletBean(FrameworkServlet.java:508) - FrameworkServlet '': initialization completed in 220 ms
2018-01-19 15:29:00 [ WARN] org.springframework.web.servlet.DispatcherServlet.noHandlerFound(DispatcherServlet.java:1147) - No mapping found for HTTP request with URI [/test/hello] in DispatcherServlet with name ''
2018-01-19 15:29:00 [ INFO] org.springframework.context.support.AbstractApplicationContext.doClose(AbstractApplicationContext.java:982) - Closing org.springframework.web.context.support.GenericWebApplicationContext@50a638b5: startup date [Fri Jan 19 15:28:57 CST 2018]; root of context hierarchy
2018-01-19 15:30:52 [ INFO] org.springframework.test.context.support.AbstractTestContextBootstrapper.getDefaultTestExecutionListenerClassNames(AbstractTestContextBootstrapper.java:260) - Loaded default TestExecutionListener class names from location [META-INF/spring.factories]: [org.springframework.test.context.web.ServletTestExecutionListener, org.springframework.test.context.support.DirtiesContextBeforeModesTestExecutionListener, org.springframework.test.context.support.DependencyInjectionTestExecutionListener, org.springframework.test.context.support.DirtiesContextTestExecutionListener, org.springframework.test.context.transaction.TransactionalTestExecutionListener, org.springframework.test.context.jdbc.SqlScriptsTestExecutionListener]
2018-01-19 15:30:52 [ INFO] org.springframework.test.context.support.AbstractTestContextBootstrapper.instantiateListeners(AbstractTestContextBootstrapper.java:209) - Could not instantiate TestExecutionListener [org.springframework.test.context.transaction.TransactionalTestExecutionListener]. Specify custom listener classes or make the default listener classes (and their required dependencies) available. Offending class: [org/springframework/transaction/interceptor/TransactionAttributeSource]
2018-01-19 15:30:52 [ INFO] org.springframework.test.context.support.AbstractTestContextBootstrapper.instantiateListeners(AbstractTestContextBootstrapper.java:209) - Could not instantiate TestExecutionListener [org.springframework.test.context.jdbc.SqlScriptsTestExecutionListener]. Specify custom listener classes or make the default listener classes (and their required dependencies) available. Offending class: [org/springframework/transaction/interceptor/TransactionAttribute]
2018-01-19 15:30:52 [ INFO] org.springframework.test.context.support.AbstractTestContextBootstrapper.getTestExecutionListeners(AbstractTestContextBootstrapper.java:187) - Using TestExecutionListeners: [org.springframework.test.context.web.ServletTestExecutionListener@5bcab519, org.springframework.test.context.support.DirtiesContextBeforeModesTestExecutionListener@e45f292, org.springframework.test.context.support.DependencyInjectionTestExecutionListener@5f2108b5, org.springframework.test.context.support.DirtiesContextTestExecutionListener@31a5c39e]
2018-01-19 15:30:52 [ INFO] org.springframework.beans.factory.xml.XmlBeanDefinitionReader.loadBeanDefinitions(XmlBeanDefinitionReader.java:317) - Loading XML bean definitions from URL [file:src/main/resources/applicationContext.xml]
2018-01-19 15:30:52 [ INFO] org.springframework.context.support.AbstractApplicationContext.prepareRefresh(AbstractApplicationContext.java:581) - Refreshing org.springframework.web.context.support.GenericWebApplicationContext@551aa95a: startup date [Fri Jan 19 15:30:52 CST 2018]; root of context hierarchy
2018-01-19 15:30:53 [ INFO] org.springframework.web.servlet.handler.AbstractUrlHandlerMapping.registerHandler(AbstractUrlHandlerMapping.java:354) - Mapped URL path [/testQry] onto handler '/testQry'
2018-01-19 15:30:53 [ INFO] org.springframework.web.servlet.handler.AbstractHandlerMethodMapping$MappingRegistry.register(AbstractHandlerMethodMapping.java:537) - Mapped "{[/test/hello]}" onto public java.lang.String com.bkc.controller.HelloWorldController.returnString(java.lang.String,java.lang.String,org.springframework.ui.Model)
2018-01-19 15:30:53 [ INFO] org.springframework.web.servlet.handler.AbstractHandlerMethodMapping$MappingRegistry.register(AbstractHandlerMethodMapping.java:537) - Mapped "{[/test/global]}" onto public java.lang.String com.bkc.controller.HelloWorldController.globalTest(org.springframework.ui.Model)
2018-01-19 15:30:53 [ INFO] org.springframework.web.servlet.mvc.method.annotation.RequestMappingHandlerAdapter.initControllerAdviceCache(RequestMappingHandlerAdapter.java:534) - Looking for @ControllerAdvice: org.springframework.test.web.servlet.setup.StubWebApplicationContext@17a7f733
2018-01-19 15:30:53 [ INFO] org.springframework.mock.web.MockServletContext.log(MockServletContext.java:440) - Initializing Spring FrameworkServlet ''
2018-01-19 15:30:53 [ INFO] org.springframework.web.servlet.FrameworkServlet.initServletBean(FrameworkServlet.java:489) - FrameworkServlet '': initialization started
2018-01-19 15:30:53 [ INFO] org.springframework.web.servlet.FrameworkServlet.initServletBean(FrameworkServlet.java:508) - FrameworkServlet '': initialization completed in 1 ms
2018-01-19 15:30:53 [ INFO] org.springframework.context.support.AbstractApplicationContext.doClose(AbstractApplicationContext.java:982) - Closing org.springframework.web.context.support.GenericWebApplicationContext@551aa95a: startup date [Fri Jan 19 15:30:52 CST 2018]; root of context hierarchy
2018-01-19 15:31:42 [ INFO] org.springframework.test.context.support.AbstractTestContextBootstrapper.getDefaultTestExecutionListenerClassNames(AbstractTestContextBootstrapper.java:260) - Loaded default TestExecutionListener class names from location [META-INF/spring.factories]: [org.springframework.test.context.web.ServletTestExecutionListener, org.springframework.test.context.support.DirtiesContextBeforeModesTestExecutionListener, org.springframework.test.context.support.DependencyInjectionTestExecutionListener, org.springframework.test.context.support.DirtiesContextTestExecutionListener, org.springframework.test.context.transaction.TransactionalTestExecutionListener, org.springframework.test.context.jdbc.SqlScriptsTestExecutionListener]
2018-01-19 15:31:42 [ INFO] org.springframework.test.context.support.AbstractTestContextBootstrapper.instantiateListeners(AbstractTestContextBootstrapper.java:209) - Could not instantiate TestExecutionListener [org.springframework.test.context.jdbc.SqlScriptsTestExecutionListener]. Specify custom listener classes or make the default listener classes (and their required dependencies) available. Offending class: [org/springframework/transaction/interceptor/TransactionAttribute]
2018-01-19 15:31:42 [ INFO] org.springframework.test.context.support.AbstractTestContextBootstrapper.instantiateListeners(AbstractTestContextBootstrapper.java:209) - Could not instantiate TestExecutionListener [org.springframework.test.context.transaction.TransactionalTestExecutionListener]. Specify custom listener classes or make the default listener classes (and their required dependencies) available. Offending class: [org/springframework/transaction/interceptor/TransactionAttributeSource]
2018-01-19 15:31:42 [ INFO] org.springframework.test.context.support.AbstractTestContextBootstrapper.getTestExecutionListeners(AbstractTestContextBootstrapper.java:187) - Using TestExecutionListeners: [org.springframework.test.context.web.ServletTestExecutionListener@79efed2d, org.springframework.test.context.support.DirtiesContextBeforeModesTestExecutionListener@2928854b, org.springframework.test.context.support.DependencyInjectionTestExecutionListener@27ae2fd0, org.springframework.test.context.support.DirtiesContextTestExecutionListener@29176cc1]
2018-01-19 15:31:42 [ INFO] org.springframework.beans.factory.xml.XmlBeanDefinitionReader.loadBeanDefinitions(XmlBeanDefinitionReader.java:317) - Loading XML bean definitions from URL [file:src/main/resources/applicationContext.xml]
2018-01-19 15:31:42 [ INFO] org.springframework.context.support.AbstractApplicationContext.prepareRefresh(AbstractApplicationContext.java:581) - Refreshing org.springframework.web.context.support.GenericWebApplicationContext@1817d444: startup date [Fri Jan 19 15:31:42 CST 2018]; root of context hierarchy
2018-01-19 15:31:43 [ INFO] org.springframework.web.servlet.handler.AbstractUrlHandlerMapping.registerHandler(AbstractUrlHandlerMapping.java:354) - Mapped URL path [/testQry] onto handler '/testQry'
2018-01-19 15:31:43 [ INFO] org.springframework.web.servlet.handler.AbstractHandlerMethodMapping$MappingRegistry.register(AbstractHandlerMethodMapping.java:537) - Mapped "{[/test/hello]}" onto public java.lang.String com.bkc.controller.HelloWorldController.returnString(java.lang.String,java.lang.String,org.springframework.ui.Model)
2018-01-19 15:31:43 [ INFO] org.springframework.web.servlet.handler.AbstractHandlerMethodMapping$MappingRegistry.register(AbstractHandlerMethodMapping.java:537) - Mapped "{[/test/global]}" onto public java.lang.String com.bkc.controller.HelloWorldController.globalTest(org.springframework.ui.Model)
2018-01-19 15:31:43 [ INFO] org.springframework.web.servlet.mvc.method.annotation.RequestMappingHandlerAdapter.initControllerAdviceCache(RequestMappingHandlerAdapter.java:534) - Looking for @ControllerAdvice: org.springframework.test.web.servlet.setup.StubWebApplicationContext@59d2400d
2018-01-19 15:31:43 [ INFO] org.springframework.mock.web.MockServletContext.log(MockServletContext.java:440) - Initializing Spring FrameworkServlet ''
2018-01-19 15:31:43 [ INFO] org.springframework.web.servlet.FrameworkServlet.initServletBean(FrameworkServlet.java:489) - FrameworkServlet '': initialization started
2018-01-19 15:31:43 [ INFO] org.springframework.web.servlet.FrameworkServlet.initServletBean(FrameworkServlet.java:508) - FrameworkServlet '': initialization completed in 2 ms
2018-01-19 15:32:12 [ INFO] org.springframework.context.support.AbstractApplicationContext.doClose(AbstractApplicationContext.java:982) - Closing org.springframework.web.context.support.GenericWebApplicationContext@1817d444: startup date [Fri Jan 19 15:31:42 CST 2018]; root of context hierarchy
2018-01-19 15:32:36 [ INFO] org.springframework.web.servlet.handler.AbstractHandlerMethodMapping$MappingRegistry.register(AbstractHandlerMethodMapping.java:537) - Mapped "{[/test/hello]}" onto public java.lang.String com.bkc.controller.HelloWorldController.returnString(java.lang.String,java.lang.String,org.springframework.ui.Model)
2018-01-19 15:32:36 [ INFO] org.springframework.web.servlet.handler.AbstractHandlerMethodMapping$MappingRegistry.register(AbstractHandlerMethodMapping.java:537) - Mapped "{[/test/global]}" onto public java.lang.String com.bkc.controller.HelloWorldController.globalTest(org.springframework.ui.Model)
2018-01-19 15:32:36 [ INFO] org.springframework.web.servlet.mvc.method.annotation.RequestMappingHandlerAdapter.initControllerAdviceCache(RequestMappingHandlerAdapter.java:534) - Looking for @ControllerAdvice: org.springframework.test.web.servlet.setup.StubWebApplicationContext@26be92ad
2018-01-19 15:32:36 [ INFO] org.springframework.mock.web.MockServletContext.log(MockServletContext.java:440) - Initializing Spring FrameworkServlet ''
2018-01-19 15:32:36 [ INFO] org.springframework.web.servlet.FrameworkServlet.initServletBean(FrameworkServlet.java:489) - FrameworkServlet '': initialization started
2018-01-19 15:32:36 [ INFO] org.springframework.web.servlet.FrameworkServlet.initServletBean(FrameworkServlet.java:508) - FrameworkServlet '': initialization completed in 5 ms
2018-01-19 15:34:53 [ INFO] org.springframework.test.context.support.AbstractTestContextBootstrapper.getDefaultTestExecutionListenerClassNames(AbstractTestContextBootstrapper.java:260) - Loaded default TestExecutionListener class names from location [META-INF/spring.factories]: [org.springframework.test.context.web.ServletTestExecutionListener, org.springframework.test.context.support.DirtiesContextBeforeModesTestExecutionListener, org.springframework.test.context.support.DependencyInjectionTestExecutionListener, org.springframework.test.context.support.DirtiesContextTestExecutionListener, org.springframework.test.context.transaction.TransactionalTestExecutionListener, org.springframework.test.context.jdbc.SqlScriptsTestExecutionListener]
2018-01-19 15:34:53 [ INFO] org.springframework.test.context.support.AbstractTestContextBootstrapper.instantiateListeners(AbstractTestContextBootstrapper.java:209) - Could not instantiate TestExecutionListener [org.springframework.test.context.jdbc.SqlScriptsTestExecutionListener]. Specify custom listener classes or make the default listener classes (and their required dependencies) available. Offending class: [org/springframework/transaction/interceptor/TransactionAttribute]
2018-01-19 15:34:53 [ INFO] org.springframework.test.context.support.AbstractTestContextBootstrapper.instantiateListeners(AbstractTestContextBootstrapper.java:209) - Could not instantiate TestExecutionListener [org.springframework.test.context.transaction.TransactionalTestExecutionListener]. Specify custom listener classes or make the default listener classes (and their required dependencies) available. Offending class: [org/springframework/transaction/interceptor/TransactionAttributeSource]
2018-01-19 15:34:53 [ INFO] org.springframework.test.context.support.AbstractTestContextBootstrapper.getTestExecutionListeners(AbstractTestContextBootstrapper.java:187) - Using TestExecutionListeners: [org.springframework.test.context.web.ServletTestExecutionListener@1a04f701, org.springframework.test.context.support.DirtiesContextBeforeModesTestExecutionListener@4e91d63f, org.springframework.test.context.support.DependencyInjectionTestExecutionListener@d4342c2, org.springframework.test.context.support.DirtiesContextTestExecutionListener@2bbf180e]
2018-01-19 15:34:53 [ INFO] org.springframework.beans.factory.xml.XmlBeanDefinitionReader.loadBeanDefinitions(XmlBeanDefinitionReader.java:317) - Loading XML bean definitions from URL [file:src/main/resources/applicationContext.xml]
2018-01-19 15:34:54 [ INFO] org.springframework.context.support.AbstractApplicationContext.prepareRefresh(AbstractApplicationContext.java:581) - Refreshing org.springframework.web.context.support.GenericWebApplicationContext@41fbdac4: startup date [Fri Jan 19 15:34:54 CST 2018]; root of context hierarchy
2018-01-19 15:34:54 [ INFO] org.springframework.web.servlet.handler.AbstractUrlHandlerMapping.registerHandler(AbstractUrlHandlerMapping.java:354) - Mapped URL path [/testQry] onto handler '/testQry'
2018-01-19 15:34:54 [ INFO] org.springframework.web.servlet.handler.AbstractHandlerMethodMapping$MappingRegistry.register(AbstractHandlerMethodMapping.java:537) - Mapped "{[/test/hello]}" onto public java.lang.String com.bkc.controller.HelloWorldController.returnString(java.lang.String,java.lang.String,org.springframework.ui.Model)
2018-01-19 15:34:54 [ INFO] org.springframework.web.servlet.handler.AbstractHandlerMethodMapping$MappingRegistry.register(AbstractHandlerMethodMapping.java:537) - Mapped "{[/test/global]}" onto public java.lang.String com.bkc.controller.HelloWorldController.globalTest(org.springframework.ui.Model)
2018-01-19 15:34:55 [ INFO] org.springframework.web.servlet.mvc.method.annotation.RequestMappingHandlerAdapter.initControllerAdviceCache(RequestMappingHandlerAdapter.java:534) - Looking for @ControllerAdvice: org.springframework.test.web.servlet.setup.StubWebApplicationContext@4535b6d5
2018-01-19 15:34:55 [ INFO] org.springframework.mock.web.MockServletContext.log(MockServletContext.java:440) - Initializing Spring FrameworkServlet ''
2018-01-19 15:34:55 [ INFO] org.springframework.web.servlet.FrameworkServlet.initServletBean(FrameworkServlet.java:489) - FrameworkServlet '': initialization started
2018-01-19 15:34:55 [ INFO] org.springframework.web.servlet.FrameworkServlet.initServletBean(FrameworkServlet.java:508) - FrameworkServlet '': initialization completed in 3 ms
2018-01-19 15:34:58 [ INFO] org.springframework.context.support.AbstractApplicationContext.doClose(AbstractApplicationContext.java:982) - Closing org.springframework.web.context.support.GenericWebApplicationContext@41fbdac4: startup date [Fri Jan 19 15:34:54 CST 2018]; root of context hierarchy
2018-01-19 15:59:51 [ INFO] org.springframework.test.context.support.AbstractTestContextBootstrapper.getDefaultTestExecutionListenerClassNames(AbstractTestContextBootstrapper.java:260) - Loaded default TestExecutionListener class names from location [META-INF/spring.factories]: [org.springframework.test.context.web.ServletTestExecutionListener, org.springframework.test.context.support.DirtiesContextBeforeModesTestExecutionListener, org.springframework.test.context.support.DependencyInjectionTestExecutionListener, org.springframework.test.context.support.DirtiesContextTestExecutionListener, org.springframework.test.context.transaction.TransactionalTestExecutionListener, org.springframework.test.context.jdbc.SqlScriptsTestExecutionListener]
2018-01-19 15:59:52 [ INFO] org.springframework.test.context.support.AbstractTestContextBootstrapper.instantiateListeners(AbstractTestContextBootstrapper.java:209) - Could not instantiate TestExecutionListener [org.springframework.test.context.transaction.TransactionalTestExecutionListener]. Specify custom listener classes or make the default listener classes (and their required dependencies) available. Offending class: [org/springframework/transaction/interceptor/TransactionAttributeSource]
2018-01-19 15:59:52 [ INFO] org.springframework.test.context.support.AbstractTestContextBootstrapper.instantiateListeners(AbstractTestContextBootstrapper.java:209) - Could not instantiate TestExecutionListener [org.springframework.test.context.jdbc.SqlScriptsTestExecutionListener]. Specify custom listener classes or make the default listener classes (and their required dependencies) available. Offending class: [org/springframework/transaction/interceptor/TransactionAttribute]
2018-01-19 15:59:52 [ INFO] org.springframework.test.context.support.AbstractTestContextBootstrapper.getTestExecutionListeners(AbstractTestContextBootstrapper.java:187) - Using TestExecutionListeners: [org.springframework.test.context.web.ServletTestExecutionListener@769f71a9, org.springframework.test.context.support.DirtiesContextBeforeModesTestExecutionListener@4c9f8c13, org.springframework.test.context.support.DependencyInjectionTestExecutionListener@5ae50ce6, org.springframework.test.context.support.DirtiesContextTestExecutionListener@6f96c77]
2018-01-19 15:59:52 [ INFO] org.springframework.beans.factory.xml.XmlBeanDefinitionReader.loadBeanDefinitions(XmlBeanDefinitionReader.java:317) - Loading XML bean definitions from class path resource [spring-servlet.xml]
2018-01-19 15:59:53 [ INFO] org.springframework.context.support.AbstractApplicationContext.prepareRefresh(AbstractApplicationContext.java:581) - Refreshing org.springframework.web.context.support.GenericWebApplicationContext@294425a7: startup date [Fri Jan 19 15:59:53 CST 2018]; root of context hierarchy
2018-01-19 15:59:53 [ INFO] org.springframework.web.servlet.handler.AbstractHandlerMethodMapping$MappingRegistry.register(AbstractHandlerMethodMapping.java:537) - Mapped "{[/test/hello]}" onto public java.lang.String com.bkc.controller.HelloWorldController.returnString(java.lang.String,java.lang.String,org.springframework.ui.Model)
2018-01-19 15:59:53 [ INFO] org.springframework.web.servlet.handler.AbstractHandlerMethodMapping$MappingRegistry.register(AbstractHandlerMethodMapping.java:537) - Mapped "{[/test/global]}" onto public java.lang.String com.bkc.controller.HelloWorldController.globalTest(org.springframework.ui.Model)
2018-01-19 15:59:54 [ INFO] org.springframework.web.servlet.mvc.method.annotation.RequestMappingHandlerAdapter.initControllerAdviceCache(RequestMappingHandlerAdapter.java:534) - Looking for @ControllerAdvice: org.springframework.web.context.support.GenericWebApplicationContext@294425a7: startup date [Fri Jan 19 15:59:53 CST 2018]; root of context hierarchy
2018-01-19 15:59:54 [ INFO] org.springframework.web.servlet.mvc.method.annotation.RequestMappingHandlerAdapter.initControllerAdviceCache(RequestMappingHandlerAdapter.java:547) - Detected @ModelAttribute methods in globalExceptionHandler
2018-01-19 15:59:54 [ INFO] org.springframework.web.servlet.mvc.method.annotation.RequestMappingHandlerAdapter.initControllerAdviceCache(RequestMappingHandlerAdapter.java:554) - Detected @InitBinder methods in globalExceptionHandler
2018-01-19 15:59:54 [ INFO] org.springframework.web.servlet.mvc.method.annotation.RequestMappingHandlerAdapter.initControllerAdviceCache(RequestMappingHandlerAdapter.java:534) - Looking for @ControllerAdvice: org.springframework.web.context.support.GenericWebApplicationContext@294425a7: startup date [Fri Jan 19 15:59:53 CST 2018]; root of context hierarchy
2018-01-19 15:59:54 [ INFO] org.springframework.web.servlet.mvc.method.annotation.RequestMappingHandlerAdapter.initControllerAdviceCache(RequestMappingHandlerAdapter.java:547) - Detected @ModelAttribute methods in globalExceptionHandler
2018-01-19 15:59:54 [ INFO] org.springframework.web.servlet.mvc.method.annotation.RequestMappingHandlerAdapter.initControllerAdviceCache(RequestMappingHandlerAdapter.java:554) - Detected @InitBinder methods in globalExceptionHandler
2018-01-19 15:59:54 [ INFO] org.springframework.web.servlet.mvc.method.annotation.ExceptionHandlerExceptionResolver.initExceptionHandlerAdviceCache(ExceptionHandlerExceptionResolver.java:269) - Detected @ExceptionHandler methods in globalExceptionHandler
2018-01-19 15:59:54 [ INFO] org.springframework.web.servlet.handler.AbstractUrlHandlerMapping.registerHandler(AbstractUrlHandlerMapping.java:354) - Mapped URL path [/files/**] onto handler 'org.springframework.web.servlet.resource.ResourceHttpRequestHandler#0'
2018-01-19 15:59:54 [ INFO] org.springframework.web.servlet.handler.AbstractUrlHandlerMapping.registerHandler(AbstractUrlHandlerMapping.java:354) - Mapped URL path [/scripts/**] onto handler 'org.springframework.web.servlet.resource.ResourceHttpRequestHandler#1'
2018-01-19 15:59:54 [ INFO] org.springframework.web.servlet.handler.AbstractUrlHandlerMapping.registerHandler(AbstractUrlHandlerMapping.java:354) - Mapped URL path [/styles/**] onto handler 'org.springframework.web.servlet.resource.ResourceHttpRequestHandler#2'
2018-01-19 15:59:54 [ INFO] org.springframework.web.servlet.handler.AbstractUrlHandlerMapping.registerHandler(AbstractUrlHandlerMapping.java:354) - Mapped URL path [/Views/**] onto handler 'org.springframework.web.servlet.resource.ResourceHttpRequestHandler#3'
2018-01-19 15:59:54 [ INFO] org.springframework.web.servlet.handler.AbstractHandlerMethodMapping$MappingRegistry.register(AbstractHandlerMethodMapping.java:537) - Mapped "{[/test/hello]}" onto public java.lang.String com.bkc.controller.HelloWorldController.returnString(java.lang.String,java.lang.String,org.springframework.ui.Model)
2018-01-19 15:59:54 [ INFO] org.springframework.web.servlet.handler.AbstractHandlerMethodMapping$MappingRegistry.register(AbstractHandlerMethodMapping.java:537) - Mapped "{[/test/global]}" onto public java.lang.String com.bkc.controller.HelloWorldController.globalTest(org.springframework.ui.Model)
2018-01-19 15:59:54 [ INFO] org.springframework.web.servlet.mvc.method.annotation.RequestMappingHandlerAdapter.initControllerAdviceCache(RequestMappingHandlerAdapter.java:534) - Looking for @ControllerAdvice: org.springframework.test.web.servlet.setup.StubWebApplicationContext@3bc735b3
2018-01-19 15:59:54 [ INFO] org.springframework.mock.web.MockServletContext.log(MockServletContext.java:440) - Initializing Spring FrameworkServlet ''
2018-01-19 15:59:54 [ INFO] org.springframework.web.servlet.FrameworkServlet.initServletBean(FrameworkServlet.java:489) - FrameworkServlet '': initialization started
2018-01-19 15:59:54 [ INFO] org.springframework.web.servlet.FrameworkServlet.initServletBean(FrameworkServlet.java:508) - FrameworkServlet '': initialization completed in 1 ms
2018-01-19 16:00:00 [ INFO] org.springframework.context.support.AbstractApplicationContext.doClose(AbstractApplicationContext.java:982) - Closing org.springframework.web.context.support.GenericWebApplicationContext@294425a7: startup date [Fri Jan 19 15:59:53 CST 2018]; root of context hierarchy
